***  Installation Started 05/08/2007 17:50  ***
Title: tA RPCBroker 1.1 for Delphi XWB*1.1*40 Installation
Source: C:\Shared\Delphi\XWB1_1P40PG.EXE
Made Dir: C:\Program Files\Borland\Delphi7\Lib\BDK32
File Copy: C:\Program Files\Borland\Delphi7\Lib\BDK32\UNWISE.EXE
RegDB Key: Software\Microsoft\Windows\CurrentVersion\Uninstall\VistA RPCBroker 1.1 for Delphi XWB*1.1*40
RegDB Val: VistA RPCBroker 1.1 for Delphi XWB*1.1*40
RegDB Name: DisplayName
RegDB Root: 2
RegDB Key: Software\Microsoft\Windows\CurrentVersion\Uninstall\VistA RPCBroker 1.1 for Delphi XWB*1.1*40
RegDB Val: C:\PROGRA~1\BORLAND\DELPHI7\LIB\BDK32\UNWISE.EXE C:\PROGRA~1\BORLAND\DELPHI7\LIB\BDK32\INSTALL.LOG
RegDB Name: UninstallString
RegDB Root: 2
Made Dir: C:\Program Files\Borland\Delphi7\Lib\BDK32\Samples
Made Dir: C:\Program Files\Borland\Delphi7\Lib\BDK32\Samples\SharedRPCBroker
Made Dir: C:\Program Files\Borland\Delphi7\Lib\BDK32\Samples\SharedRPCBroker\BrokerEx
File Copy: C:\Program Files\Borland\Delphi7\Lib\BDK32\Samples\SharedRPCBroker\BrokerEx\BrokerExampleAboutFrm.PAS
File Copy: C:\Program Files\Borland\Delphi7\Lib\BDK32\Samples\SharedRPCBroker\BrokerEx\BrokerExampleAboutFrm.dfm
Made Dir: C:\Program Files\Borland\Delphi7\Lib\BDK32\Samples\RPCBroker
Made Dir: C:\Program Files\Borland\Delphi7\Lib\BDK32\Samples\RPCBroker\SilentSignOn
File Copy: C:\Program Files\Borland\Delphi7\Lib\BDK32\Samples\RPCBroker\SilentSignOn\XWBOnFail.res
File Copy: C:\Program Files\Borland\Delphi7\Lib\BDK32\Samples\RPCBroker\SilentSignOn\XWBOnFail.exe
File Copy: C:\Program Files\Borland\Delphi7\Lib\BDK32\Samples\RPCBroker\SilentSignOn\XWBOnFail.dpr
File Copy: C:\Program Files\Borland\Delphi7\Lib\BDK32\Samples\RPCBroker\SilentSignOn\XWBOnFail.dof
File Copy: C:\Program Files\Borland\Delphi7\Lib\BDK32\Samples\RPCBroker\SilentSignOn\XWBAVCodes.res
File Copy: C:\Program Files\Borland\Delphi7\Lib\BDK32\Samples\RPCBroker\SilentSignOn\XWBAVCodes.exe
File Copy: C:\Program Files\Borland\Delphi7\Lib\BDK32\Samples\RPCBroker\SilentSignOn\XWBAVCodes.dpr
File Copy: C:\Program Files\Borland\Delphi7\Lib\BDK32\Samples\RPCBroker\SilentSignOn\XWBAVCodes.dof
File Copy: C:\Program Files\Borland\Delphi7\Lib\BDK32\Samples\RPCBroker\SilentSignOn\XWBAppHandle2.res
File Copy: C:\Program Files\Borland\Delphi7\Lib\BDK32\Samples\RPCBroker\SilentSignOn\XWBAppHandle2.exe
File Copy: C:\Program Files\Borland\Delphi7\Lib\BDK32\Samples\RPCBroker\SilentSignOn\XWBAppHandle2.dpr
File Copy: C:\Program Files\Borland\Delphi7\Lib\BDK32\Samples\RPCBroker\SilentSignOn\XWBAppHandle2.dof
File Copy: C:\Program Files\Borland\Delphi7\Lib\BDK32\Samples\RPCBroker\SilentSignOn\XWBAppHandle1.res
File Copy: C:\Program Files\Borland\Delphi7\Lib\BDK32\Samples\RPCBroker\SilentSignOn\XWBAppHandle1.exe
File Copy: C:\Program Files\Borland\Delphi7\Lib\BDK32\Samples\RPCBroker\SilentSignOn\XWBAppHandle1.dpr
File Copy: C:\Program Files\Borland\Delphi7\Lib\BDK32\Samples\RPCBroker\SilentSignOn\XWBAppHandle1.dof
File Copy: C:\Program Files\Borland\Delphi7\Lib\BDK32\Samples\RPCBroker\SilentSignOn\ReadMeForSamples.txt
File Copy: C:\Program Files\Borland\Delphi7\Lib\BDK32\Samples\RPCBroker\SilentSignOn\fXWBOnFail.pas
File Copy: C:\Program Files\Borland\Delphi7\Lib\BDK32\Samples\RPCBroker\SilentSignOn\fXWBOnFail.dfm
File Copy: C:\Program Files\Borland\Delphi7\Lib\BDK32\Samples\RPCBroker\SilentSignOn\fXWBAVCodes.pas
File Copy: C:\Program Files\Borland\Delphi7\Lib\BDK32\Samples\RPCBroker\SilentSignOn\fXWBAVCodes.dfm
File Copy: C:\Program Files\Borland\Delphi7\Lib\BDK32\Samples\RPCBroker\SilentSignOn\fXWBAppHandle2.pas
File Copy: C:\Program Files\Borland\Delphi7\Lib\BDK32\Samples\RPCBroker\SilentSignOn\fXWBAppHandle2.dfm
File Copy: C:\Program Files\Borland\Delphi7\Lib\BDK32\Samples\RPCBroker\SilentSignOn\fXWBAppHandle1.pas
File Copy: C:\Program Files\Borland\Delphi7\Lib\BDK32\Samples\RPCBroker\SilentSignOn\fXWBAppHandle1.dfm
File Copy: C:\Program Files\Borland\Delphi7\Lib\BDK32\Samples\RPCBroker\SilentSignOn\frmVistAAbout.pas
File Copy: C:\Program Files\Borland\Delphi7\Lib\BDK32\Samples\RPCBroker\SilentSignOn\frmVistAAbout.dfm
Made Dir: C:\Program Files\Borland\Delphi7\Lib\BDK32\Samples\RPCBroker\BrokerEx
File Copy: C:\Program Files\Borland\Delphi7\Lib\BDK32\Samples\RPCBroker\BrokerEx\fVistAAbout.pas
File Copy: C:\Program Files\Borland\Delphi7\Lib\BDK32\Samples\RPCBroker\BrokerEx\fVistAAbout.dfm
File Copy: C:\Program Files\Borland\Delphi7\Lib\BDK32\Samples\RPCBroker\BrokerEx\frmVistAAbout.pas
File Copy: C:\Program Files\Borland\Delphi7\Lib\BDK32\Samples\RPCBroker\BrokerEx\frmVistAAbout.dfm
File Copy: C:\Program Files\Borland\Delphi7\Lib\BDK32\Samples\RPCBroker\BrokerEx\fBrokerExampleCCOW.pas
File Copy: C:\Program Files\Borland\Delphi7\Lib\BDK32\Samples\RPCBroker\BrokerEx\fBrokerExampleCCOW.dfm
File Copy: C:\Program Files\Borland\Delphi7\Lib\BDK32\Samples\RPCBroker\BrokerEx\fBrokerExample.pas
File Copy: C:\Program Files\Borland\Delphi7\Lib\BDK32\Samples\RPCBroker\BrokerEx\fBrokerExample.dfm
File Copy: C:\Program Files\Borland\Delphi7\Lib\BDK32\Samples\RPCBroker\BrokerEx\BrokerExampleCCOW.res
File Copy: C:\Program Files\Borland\Delphi7\Lib\BDK32\Samples\RPCBroker\BrokerEx\BrokerExampleCCOW.exe
File Copy: C:\Program Files\Borland\Delphi7\Lib\BDK32\Samples\RPCBroker\BrokerEx\BrokerExampleCCOW.dpr
File Copy: C:\Program Files\Borland\Delphi7\Lib\BDK32\Samples\RPCBroker\BrokerEx\BrokerExampleCCOW.dof
File Copy: C:\Program Files\Borland\Delphi7\Lib\BDK32\Samples\RPCBroker\BrokerEx\BrokerExample.res
File Copy: C:\Program Files\Borland\Delphi7\Lib\BDK32\Samples\RPCBroker\BrokerEx\BrokerExample.exe
File Copy: C:\Program Files\Borland\Delphi7\Lib\BDK32\Samples\RPCBroker\BrokerEx\BrokerExample.dpr
File Copy: C:\Program Files\Borland\Delphi7\Lib\BDK32\Samples\RPCBroker\BrokerEx\BrokerExample.dof
Made Dir: C:\Program Files\Borland\Delphi7\Lib\BDK32\Help
File Copy: C:\Program Files\Borland\Delphi7\Lib\BDK32\Help\broker.toc
File Copy: C:\Program Files\Borland\Delphi7\Lib\BDK32\Help\Broker.hlp
File Copy: C:\Program Files\Borland\Delphi7\Lib\BDK32\Help\broker.cnt
File Copy: C:\Program Files\Borland\Delphi7\Lib\BDK32\Help\broker.als
Made Dir: C:\Program Files\Borland\Delphi7\Lib\BDK32\Source
File Copy: C:\Program Files\Borland\Delphi7\Lib\BDK32\Source\VergenceContextor.dll
File Copy: C:\Program Files\Borland\Delphi7\Lib\BDK32\Source\CCOWRPCBroker.pas
File Copy: C:\Program Files\Borland\Delphi7\Lib\BDK32\Source\fVistaBar.res
File Copy: C:\Program Files\Borland\Delphi7\Lib\BDK32\Source\frmVistAAbout.pas
File Copy: C:\Program Files\Borland\Delphi7\Lib\BDK32\Source\frmVistAAbout.dfm
File Copy: C:\Program Files\Borland\Delphi7\Lib\BDK32\Source\fDebugInfo.pas
File Copy: C:\Program Files\Borland\Delphi7\Lib\BDK32\Source\fDebugInfo.dfm
File Copy: C:\Program Files\Borland\Delphi7\Lib\BDK32\Source\CCOW_const.pas
File Copy: C:\Program Files\Borland\Delphi7\Lib\BDK32\Source\uSharedBroker1.pas
File Copy: C:\Program Files\Borland\Delphi7\Lib\BDK32\Source\uSharedBroker1.dpk
File Copy: C:\Program Files\Borland\Delphi7\Lib\BDK32\Source\uSharedBroker1.dof
File Copy: C:\Program Files\Borland\Delphi7\Lib\BDK32\Source\UnitTestMFunStr.res
File Copy: C:\Program Files\Borland\Delphi7\Lib\BDK32\Source\UnitTestMFunStr.exe
File Copy: C:\Program Files\Borland\Delphi7\Lib\BDK32\Source\UnitTestMFunStr.dpr
File Copy: C:\Program Files\Borland\Delphi7\Lib\BDK32\Source\UnitTestMFunStr.dof
File Copy: C:\Program Files\Borland\Delphi7\Lib\BDK32\Source\UnitTestBroker.res
File Copy: C:\Program Files\Borland\Delphi7\Lib\BDK32\Source\UnitTestBroker.exe
File Copy: C:\Program Files\Borland\Delphi7\Lib\BDK32\Source\XWBReg.pas
File Copy: C:\Program Files\Borland\Delphi7\Lib\BDK32\Source\XWBRich20.PAS
File Copy: C:\Program Files\Borland\Delphi7\Lib\BDK32\Source\Xwbut1.pas
File Copy: C:\Program Files\Borland\Delphi7\Lib\BDK32\Source\SharedRPCBroker.pas
File Copy: C:\Program Files\Borland\Delphi7\Lib\BDK32\Source\SharedRPCBroker.dcr
File Copy: C:\Program Files\Borland\Delphi7\Lib\BDK32\Source\SgnonCnf.pas
File Copy: C:\Program Files\Borland\Delphi7\Lib\BDK32\Source\SgnonCnf.dfm
File Copy: C:\Program Files\Borland\Delphi7\Lib\BDK32\Source\SelDiv.pas
File Copy: C:\Program Files\Borland\Delphi7\Lib\BDK32\Source\SelDiv.dfm
File Copy: C:\Program Files\Borland\Delphi7\Lib\BDK32\Source\RpcSLogin.pas
File Copy: C:\Program Files\Borland\Delphi7\Lib\BDK32\Source\RPCSharedBrokerSessionMgr1_TLB_SRB.pas
File Copy: C:\Program Files\Borland\Delphi7\Lib\BDK32\Source\RPCSharedBrokerSessionMgr1_TLB.pas
File Copy: C:\Program Files\Borland\Delphi7\Lib\BDK32\Source\RPCSharedBrokerSessionMgr1_TLB.dcr
File Copy: C:\Program Files\Borland\Delphi7\Lib\BDK32\Source\RPCSharedBrokerSessionMgr1.tlb
File Copy: C:\Program Files\Borland\Delphi7\Lib\BDK32\Source\RPCSharedBrokerSessionMgr1.res
File Copy: C:\Program Files\Borland\Delphi7\Lib\BDK32\Source\RPCSharedBrokerSessionMgr1.exe
File Copy: C:\Program Files\Borland\Delphi7\Lib\BDK32\Source\RPCSharedBrokerSessionMgr1.dpr
File Copy: C:\Program Files\Borland\Delphi7\Lib\BDK32\Source\RPCSharedBrokerSessionMgr1.dof
File Copy: C:\Program Files\Borland\Delphi7\Lib\BDK32\Source\Rpcnet.pas
File Copy: C:\Program Files\Borland\Delphi7\Lib\BDK32\Source\Rpcnet.dfm
File Copy: C:\Program Files\Borland\Delphi7\Lib\BDK32\Source\Rpcconf1.pas
File Copy: C:\Program Files\Borland\Delphi7\Lib\BDK32\Source\Rpcconf1.dfm
File Copy: C:\Program Files\Borland\Delphi7\Lib\BDK32\Source\RpcbErr.pas
File Copy: C:\Program Files\Borland\Delphi7\Lib\BDK32\Source\RpcbErr.dfm
File Copy: C:\Program Files\Borland\Delphi7\Lib\BDK32\Source\Rpcbedtr.pas
File Copy: C:\Program Files\Borland\Delphi7\Lib\BDK32\Source\Mfunstr.pas
File Copy: C:\Program Files\Borland\Delphi7\Lib\BDK32\Source\Loginfrm.pas
File Copy: C:\Program Files\Borland\Delphi7\Lib\BDK32\Source\Loginfrm.dfm
File Copy: C:\Program Files\Borland\Delphi7\Lib\BDK32\Source\IISBase.inc
File Copy: C:\Program Files\Borland\Delphi7\Lib\BDK32\Source\Hash.pas
File Copy: C:\Program Files\Borland\Delphi7\Lib\BDK32\Source\fVistaBar.pas
File Copy: C:\Program Files\Borland\Delphi7\Lib\BDK32\Source\fVistaBar.dfm
File Copy: C:\Program Files\Borland\Delphi7\Lib\BDK32\Source\fSignonConfigColor.pas
File Copy: C:\Program Files\Borland\Delphi7\Lib\BDK32\Source\fSignonConfigColor.dfm
File Copy: C:\Program Files\Borland\Delphi7\Lib\BDK32\Source\fSgnonDlg.pas
File Copy: C:\Program Files\Borland\Delphi7\Lib\BDK32\Source\fSgnonDlg.dfm
File Copy: C:\Program Files\Borland\Delphi7\Lib\BDK32\Source\fRPCSharedBrokerSessionMgr1.pas
File Copy: C:\Program Files\Borland\Delphi7\Lib\BDK32\Source\fRPCSharedBrokerSessionMgr1.dfm
File Copy: C:\Program Files\Borland\Delphi7\Lib\BDK32\Source\fRPCBErrMsg.pas
File Copy: C:\Program Files\Borland\Delphi7\Lib\BDK32\Source\fRPCBErrMsg.dfm
File Copy: C:\Program Files\Borland\Delphi7\Lib\BDK32\Source\frmSignonMessage.pas
File Copy: C:\Program Files\Borland\Delphi7\Lib\BDK32\Source\frmSignonMessage.dfm
File Copy: C:\Program Files\Borland\Delphi7\Lib\BDK32\Source\dunit.ini
File Copy: C:\Program Files\Borland\Delphi7\Lib\BDK32\Source\AddServer.pas
File Copy: C:\Program Files\Borland\Delphi7\Lib\BDK32\Source\AddServer.dfm
File Copy: C:\Program Files\Borland\Delphi7\Lib\BDK32\Source\uSharedBroker1.res
File Copy: C:\Program Files\Borland\Delphi7\Lib\BDK32\Source\uUnitTestBroker.pas
File Copy: C:\Program Files\Borland\Delphi7\Lib\BDK32\Source\uUnitTestMFunStr.pas
File Copy: C:\Program Files\Borland\Delphi7\Lib\BDK32\Source\VCEdit.dfm
File Copy: C:\Program Files\Borland\Delphi7\Lib\BDK32\Source\VCEdit.pas
File Copy: C:\Program Files\Borland\Delphi7\Lib\BDK32\Source\Wsockc.pas
File Copy: C:\Program Files\Borland\Delphi7\Lib\BDK32\Source\SharedRPCBrokerReg.pas
File Copy: C:\Program Files\Borland\Delphi7\Lib\BDK32\Source\SharedRPCBrokerSink.pas
File Copy: C:\Program Files\Borland\Delphi7\Lib\BDK32\Source\Splvista.dfm
File Copy: C:\Program Files\Borland\Delphi7\Lib\BDK32\Source\Splvista.pas
File Copy: C:\Program Files\Borland\Delphi7\Lib\BDK32\Source\Trpcb.pas
File Copy: C:\Program Files\Borland\Delphi7\Lib\BDK32\Source\UnitTestBroker.dof
File Copy: C:\Program Files\Borland\Delphi7\Lib\BDK32\Source\UnitTestBroker.dpr
File Copy: C:\Program Files\Borland\Delphi7\Lib\BDK32\Source\VERGENCECONTEXTORLib_TLB.pas
File Copy: C:\Program Files\Borland\Delphi7\Lib\BDK32\Source\VERGENCECONTEXTORLib_TLB.dcr
File Copy: C:\Program Files\Borland\Delphi7\Lib\BDK32\Source\XWB_R50.res
File Copy: C:\Program Files\Borland\Delphi7\Lib\BDK32\Source\XWB_R50.dpk
File Copy: C:\Program Files\Borland\Delphi7\Lib\BDK32\Source\XWB_R50.dof
File Copy: C:\Program Files\Borland\Delphi7\Lib\BDK32\Source\XWB_D50.res
File Copy: C:\Program Files\Borland\Delphi7\Lib\BDK32\Source\XWB_D50.dpk
File Copy: C:\Program Files\Borland\Delphi7\Lib\BDK32\Source\XWB_D50.dof
File Copy: C:\Program Files\Borland\Delphi7\Lib\BDK32\Source\XWB_D50.dcr
File Copy: C:\Program Files\Borland\Delphi7\Lib\BDK32\Source\SharedRPCBroker_R50.res
File Copy: C:\Program Files\Borland\Delphi7\Lib\BDK32\Source\SharedRPCBroker_R50.dpk
File Copy: C:\Program Files\Borland\Delphi7\Lib\BDK32\Source\SharedRPCBroker_R50.dof
File Copy: C:\Program Files\Borland\Delphi7\Lib\BDK32\Source\SharedRPCBroker_D50.res
File Copy: C:\Program Files\Borland\Delphi7\Lib\BDK32\Source\SharedRPCBroker_D50.dpk
File Copy: C:\Program Files\Borland\Delphi7\Lib\BDK32\Source\SharedRPCBroker_D50.dof
File Copy: C:\Program Files\Borland\Delphi7\Lib\BDK32\Source\XWB_R70.res
File Copy: C:\Program Files\Borland\Delphi7\Lib\BDK32\Source\XWB_R70.dpk
File Copy: C:\Program Files\Borland\Delphi7\Lib\BDK32\Source\XWB_R70.dof
File Copy: C:\Program Files\Borland\Delphi7\Lib\BDK32\Source\XWB_D70.res
File Copy: C:\Program Files\Borland\Delphi7\Lib\BDK32\Source\XWB_D70.dpk
File Copy: C:\Program Files\Borland\Delphi7\Lib\BDK32\Source\XWB_D70.dof
File Copy: C:\Program Files\Borland\Delphi7\Lib\BDK32\Source\XWB_D70.dcr
File Copy: C:\Program Files\Borland\Delphi7\Lib\BDK32\Source\SharedRPCBroker_R70.res
File Copy: C:\Program Files\Borland\Delphi7\Lib\BDK32\Source\SharedRPCBroker_R70.dpk
File Copy: C:\Program Files\Borland\Delphi7\Lib\BDK32\Source\SharedRPCBroker_R70.dof
File Copy: C:\Program Files\Borland\Delphi7\Lib\BDK32\Source\SharedRPCBroker_D70.res
File Copy: C:\Program Files\Borland\Delphi7\Lib\BDK32\Source\SharedRPCBroker_D70.dpk
File Copy: C:\Program Files\Borland\Delphi7\Lib\BDK32\Source\SharedRPCBroker_D70.dof
File Copy: C:\Program Files\Borland\Delphi7\Lib\BDK32\Source\XWB_R60.res
File Copy: C:\Program Files\Borland\Delphi7\Lib\BDK32\Source\XWB_R60.dpk
File Copy: C:\Program Files\Borland\Delphi7\Lib\BDK32\Source\XWB_R60.dof
File Copy: C:\Program Files\Borland\Delphi7\Lib\BDK32\Source\XWB_D60.res
File Copy: C:\Program Files\Borland\Delphi7\Lib\BDK32\Source\XWB_D60.dpk
File Copy: C:\Program Files\Borland\Delphi7\Lib\BDK32\Source\SharedRPCBroker_D60.dof
File Copy: C:\Program Files\Borland\Delphi7\Lib\BDK32\Source\SharedRPCBroker_D60.dpk
File Copy: C:\Program Files\Borland\Delphi7\Lib\BDK32\Source\SharedRPCBroker_D60.res
File Copy: C:\Program Files\Borland\Delphi7\Lib\BDK32\Source\SharedRPCBroker_R60.dof
File Copy: C:\Program Files\Borland\Delphi7\Lib\BDK32\Source\SharedRPCBroker_R60.dpk
File Copy: C:\Program Files\Borland\Delphi7\Lib\BDK32\Source\SharedRPCBroker_R60.res
File Copy: C:\Program Files\Borland\Delphi7\Lib\BDK32\Source\XWB_D60.dcr
File Copy: C:\Program Files\Borland\Delphi7\Lib\BDK32\Source\XWB_D60.dof
Made Dir: C:\Program Files\Borland\Delphi7\Lib\BDK32\D7
File Copy: C:\Program Files\Borland\Delphi7\Lib\BDK32\D7\XWB_D70.dpk
File Copy: C:\Program Files\Borland\Delphi7\Lib\BDK32\D7\XWB_D70.dof
File Copy: C:\Program Files\Borland\Delphi7\Lib\BDK32\D7\XWB_D70.dcr
File Copy: C:\Program Files\Borland\Delphi7\Lib\BDK32\D7\SharedRPCBroker_R70.res
File Copy: C:\Program Files\Borland\Delphi7\Lib\BDK32\D7\SharedRPCBroker_R70.dpk
File Copy: C:\Program Files\Borland\Delphi7\Lib\BDK32\D7\SharedRPCBroker_R70.dof
File Copy: C:\Program Files\Borland\Delphi7\Lib\BDK32\D7\SharedRPCBroker_D70.res
File Copy: C:\Program Files\Borland\Delphi7\Lib\BDK32\D7\SharedRPCBroker_D70.dpk
File Copy: C:\Program Files\Borland\Delphi7\Lib\BDK32\D7\SharedRPCBroker_D70.dof
File Copy: C:\Program Files\Borland\Delphi7\Lib\BDK32\D7\XWB_D70.res
File Copy: C:\Program Files\Borland\Delphi7\Lib\BDK32\D7\XWB_R70.dof
File Copy: C:\Program Files\Borland\Delphi7\Lib\BDK32\D7\XWB_R70.dpk
File Copy: C:\Program Files\Borland\Delphi7\Lib\BDK32\D7\XWB_R70.res
File Copy: C:\WINDOWS\system32\INETWH32.dll
File Copy: C:\Program Files\Borland\Delphi7\Lib\BDK32\Serverlist.hlp
File Copy: C:\Program Files\Borland\Delphi7\Lib\BDK32\ServerList.exe
File Copy: C:\Program Files\Borland\Delphi7\Lib\BDK32\Brokerprogpref.hlp
File Copy: C:\Program Files\Borland\Delphi7\Lib\BDK32\BrokerProgPref.exe
Made Dir: C:\Program Files\Borland\Delphi7\Lib\BDK32\Samples\SharedRPCBroker\SilentSignOn
File Copy: C:\Program Files\Borland\Delphi7\Lib\BDK32\Samples\SharedRPCBroker\SilentSignOn\XWBOnFail.res
File Copy: C:\Program Files\Borland\Delphi7\Lib\BDK32\Samples\SharedRPCBroker\SilentSignOn\XWBOnFail.exe
File Copy: C:\Program Files\Borland\Delphi7\Lib\BDK32\Samples\SharedRPCBroker\SilentSignOn\XWBOnFail.dpr
File Copy: C:\Program Files\Borland\Delphi7\Lib\BDK32\Samples\SharedRPCBroker\SilentSignOn\XWBOnFail.dof
File Copy: C:\Program Files\Borland\Delphi7\Lib\BDK32\Samples\SharedRPCBroker\SilentSignOn\XWBAVCodes.res
File Copy: C:\Program Files\Borland\Delphi7\Lib\BDK32\Samples\SharedRPCBroker\SilentSignOn\XWBAVCodes.exe
File Copy: C:\Program Files\Borland\Delphi7\Lib\BDK32\Samples\SharedRPCBroker\SilentSignOn\XWBAVCodes.dpr
File Copy: C:\Program Files\Borland\Delphi7\Lib\BDK32\Samples\SharedRPCBroker\SilentSignOn\XWBAVCodes.dof
File Copy: C:\Program Files\Borland\Delphi7\Lib\BDK32\Samples\SharedRPCBroker\SilentSignOn\XWBAppHandle2.res
File Copy: C:\Program Files\Borland\Delphi7\Lib\BDK32\Samples\SharedRPCBroker\SilentSignOn\XWBAppHandle2.exe
File Copy: C:\Program Files\Borland\Delphi7\Lib\BDK32\Samples\SharedRPCBroker\SilentSignOn\XWBAppHandle2.dpr
File Copy: C:\Program Files\Borland\Delphi7\Lib\BDK32\Samples\SharedRPCBroker\SilentSignOn\XWBAppHandle2.dof
File Copy: C:\Program Files\Borland\Delphi7\Lib\BDK32\Samples\SharedRPCBroker\SilentSignOn\XWBAppHandle1.res
File Copy: C:\Program Files\Borland\Delphi7\Lib\BDK32\Samples\SharedRPCBroker\SilentSignOn\XWBAppHandle1.exe
File Copy: C:\Program Files\Borland\Delphi7\Lib\BDK32\Samples\SharedRPCBroker\SilentSignOn\XWBAppHandle1.dpr
File Copy: C:\Program Files\Borland\Delphi7\Lib\BDK32\Samples\SharedRPCBroker\SilentSignOn\XWBAppHandle1.dof
File Copy: C:\Program Files\Borland\Delphi7\Lib\BDK32\Samples\SharedRPCBroker\SilentSignOn\ReadMeForSamples.txt
File Copy: C:\Program Files\Borland\Delphi7\Lib\BDK32\Samples\SharedRPCBroker\SilentSignOn\fXWBOnFail.pas
File Copy: C:\Program Files\Borland\Delphi7\Lib\BDK32\Samples\SharedRPCBroker\SilentSignOn\fXWBOnFail.dfm
File Copy: C:\Program Files\Borland\Delphi7\Lib\BDK32\Samples\SharedRPCBroker\SilentSignOn\fXWBAVCodes.pas
File Copy: C:\Program Files\Borland\Delphi7\Lib\BDK32\Samples\SharedRPCBroker\SilentSignOn\fXWBAVCodes.dfm
File Copy: C:\Program Files\Borland\Delphi7\Lib\BDK32\Samples\SharedRPCBroker\SilentSignOn\fXWBAppHandle2.pas
File Copy: C:\Program Files\Borland\Delphi7\Lib\BDK32\Samples\SharedRPCBroker\SilentSignOn\fXWBAppHandle2.dfm
File Copy: C:\Program Files\Borland\Delphi7\Lib\BDK32\Samples\SharedRPCBroker\SilentSignOn\fXWBAppHandle1.pas
File Copy: C:\Program Files\Borland\Delphi7\Lib\BDK32\Samples\SharedRPCBroker\SilentSignOn\fXWBAppHandle1.dfm
File Copy: C:\Program Files\Borland\Delphi7\Lib\BDK32\Samples\SharedRPCBroker\SilentSignOn\frmVistAAbout.pas
File Copy: C:\Program Files\Borland\Delphi7\Lib\BDK32\Samples\SharedRPCBroker\SilentSignOn\frmVistAAbout.dfm
File Copy: C:\Program Files\Borland\Delphi7\Lib\BDK32\Samples\SharedRPCBroker\BrokerEx\fBrokerExample.pas
File Copy: C:\Program Files\Borland\Delphi7\Lib\BDK32\Samples\SharedRPCBroker\BrokerEx\fBrokerExample.dfm
File Copy: C:\Program Files\Borland\Delphi7\Lib\BDK32\Samples\SharedRPCBroker\BrokerEx\frmVistAAbout.pas
File Copy: C:\Program Files\Borland\Delphi7\Lib\BDK32\Samples\SharedRPCBroker\BrokerEx\frmVistAAbout.dfm
File Copy: C:\Program Files\Borland\Delphi7\Lib\BDK32\Samples\SharedRPCBroker\BrokerEx\BrokerExample.res
File Copy: C:\Program Files\Borland\Delphi7\Lib\BDK32\Samples\SharedRPCBroker\BrokerEx\BrokerExample.exe
File Copy: C:\Program Files\Borland\Delphi7\Lib\BDK32\Samples\SharedRPCBroker\BrokerEx\BrokerExample.dpr
File Copy: C:\Program Files\Borland\Delphi7\Lib\BDK32\Samples\SharedRPCBroker\BrokerEx\BrokerExample.dof
Made Dir: C:\Program Files\Borland\Delphi7\Lib\BDK32\SharedBrokerDebugger
File Copy: C:\Program Files\Borland\Delphi7\Lib\BDK32\SharedBrokerDebugger\SharedBrokerDebugger.res
File Copy: C:\Program Files\Borland\Delphi7\Lib\BDK32\SharedBrokerDebugger\uBrokerConnectionInfo.pas
File Copy: C:\Program Files\Borland\Delphi7\Lib\BDK32\SharedBrokerDebugger\fClientInfo.pas
File Copy: C:\Program Files\Borland\Delphi7\Lib\BDK32\SharedBrokerDebugger\fClientRPCLogger.dfm
File Copy: C:\Program Files\Borland\Delphi7\Lib\BDK32\SharedBrokerDebugger\fClientRPCLogger.pas
File Copy: C:\Program Files\Borland\Delphi7\Lib\BDK32\SharedBrokerDebugger\fSharedBrokerDebugger.dfm
File Copy: C:\Program Files\Borland\Delphi7\Lib\BDK32\SharedBrokerDebugger\fSharedBrokerDebugger.pas
File Copy: C:\Program Files\Borland\Delphi7\Lib\BDK32\SharedBrokerDebugger\RPCSharedBrokerSessionMgr1_TLB.pas
File Copy: C:\Program Files\Borland\Delphi7\Lib\BDK32\SharedBrokerDebugger\SharedBrokerDebugger.dof
File Copy: C:\Program Files\Borland\Delphi7\Lib\BDK32\SharedBrokerDebugger\SharedBrokerDebugger.dpr
File Copy: C:\Program Files\Borland\Delphi7\Lib\BDK32\SharedBrokerDebugger\SharedBrokerDebugger.exe
File Copy: C:\Program Files\Borland\Delphi7\Lib\BDK32\SharedBrokerDebugger\uClientInfo.pas
File Copy: C:\Program Files\Borland\Delphi7\Lib\BDK32\SharedBrokerDebugger\uParam.pas
File Copy: C:\Program Files\Borland\Delphi7\Lib\BDK32\SharedBrokerDebugger\uRpcLogEntry.pas
File Copy: C:\WINDOWS\system32\roboex32.dll
File Copy: C:\Program Files\Borland\Delphi7\Lib\BDK32\D7\VERGENCECONTEXTORLib_TLB.dcu
File Copy: C:\Program Files\Borland\Delphi7\Lib\BDK32\D7\fDebugInfo.dcu
File Copy: C:\Program Files\Borland\Delphi7\Lib\BDK32\D7\CCOW_const.dcu
File Copy: C:\Program Files\Borland\Delphi7\Projects\Bpl\XWB_R70.dcp
File Copy: C:\Program Files\Borland\Delphi7\Projects\Bpl\XWB_R70.bpl
File Copy: C:\Program Files\Borland\Delphi7\Projects\Bpl\XWB_D70.dcp
File Copy: C:\Program Files\Borland\Delphi7\Projects\Bpl\XWB_D70.bpl
File Copy: C:\Program Files\Borland\Delphi7\Projects\Bpl\SharedRPCBroker_R70.dcp
File Copy: C:\Program Files\Borland\Delphi7\Projects\Bpl\SharedRPCBroker_R70.bpl
File Copy: C:\Program Files\Borland\Delphi7\Projects\Bpl\SharedRPCBroker_D70.dcp
File Copy: C:\Program Files\Borland\Delphi7\Projects\Bpl\SharedRPCBroker_D70.bpl
File Copy: C:\Program Files\Borland\Delphi7\Lib\BDK32\D7\fDebugInfo.dfm
File Copy: C:\Program Files\Borland\Delphi7\Lib\BDK32\D7\CCOWRPCBroker.dcu
File Copy: C:\Program Files\Borland\Delphi7\Lib\BDK32\D7\frmVistAAbout.dfm
File Copy: C:\Program Files\Borland\Delphi7\Lib\BDK32\D7\AddServer.dcu
File Copy: C:\Program Files\Borland\Delphi7\Lib\BDK32\D7\AddServer.dfm
File Copy: C:\Program Files\Borland\Delphi7\Lib\BDK32\D7\frmSignonMessage.dcu
File Copy: C:\Program Files\Borland\Delphi7\Lib\BDK32\D7\frmSignonMessage.dfm
File Copy: C:\Program Files\Borland\Delphi7\Lib\BDK32\D7\fRPCBErrMsg.dcu
File Copy: C:\Program Files\Borland\Delphi7\Lib\BDK32\D7\fRPCBErrMsg.dfm
File Copy: C:\Program Files\Borland\Delphi7\Lib\BDK32\D7\fRPCSharedBrokerSessionMgr1.dfm
File Copy: C:\Program Files\Borland\Delphi7\Lib\BDK32\D7\fSgnonDlg.dcu
File Copy: C:\Program Files\Borland\Delphi7\Lib\BDK32\D7\fSgnonDlg.dfm
File Copy: C:\Program Files\Borland\Delphi7\Lib\BDK32\D7\fSignonConfigColor.dfm
File Copy: C:\Program Files\Borland\Delphi7\Lib\BDK32\D7\fVistaBar.dfm
File Copy: C:\Program Files\Borland\Delphi7\Lib\BDK32\D7\Hash.dcu
File Copy: C:\Program Files\Borland\Delphi7\Lib\BDK32\D7\Loginfrm.dcu
File Copy: C:\Program Files\Borland\Delphi7\Lib\BDK32\D7\Loginfrm.dfm
File Copy: C:\Program Files\Borland\Delphi7\Lib\BDK32\D7\MFunStr.dcu
File Copy: C:\Program Files\Borland\Delphi7\Lib\BDK32\D7\RpcbEdtr.dcu
File Copy: C:\Program Files\Borland\Delphi7\Lib\BDK32\D7\Rpcberr.dcu
File Copy: C:\Program Files\Borland\Delphi7\Lib\BDK32\D7\Rpcberr.dfm
File Copy: C:\Program Files\Borland\Delphi7\Lib\BDK32\D7\Rpcconf1.dcu
File Copy: C:\Program Files\Borland\Delphi7\Lib\BDK32\D7\Rpcconf1.dfm
File Copy: C:\Program Files\Borland\Delphi7\Lib\BDK32\D7\RpcNet.dcu
File Copy: C:\Program Files\Borland\Delphi7\Lib\BDK32\D7\Rpcnet.dfm
File Copy: C:\Program Files\Borland\Delphi7\Lib\BDK32\D7\RPCSharedBrokerSessionMgr1_TLB.dcu
File Copy: C:\Program Files\Borland\Delphi7\Lib\BDK32\D7\RPCSharedBrokerSessionMgr1_TLB_SRB.dcu
File Copy: C:\Program Files\Borland\Delphi7\Lib\BDK32\D7\RpcSLogin.dcu
File Copy: C:\Program Files\Borland\Delphi7\Lib\BDK32\D7\seldiv.dcu
File Copy: C:\Program Files\Borland\Delphi7\Lib\BDK32\D7\SelDiv.dfm
File Copy: C:\Program Files\Borland\Delphi7\Lib\BDK32\D7\Sgnoncnf.dcu
File Copy: C:\Program Files\Borland\Delphi7\Lib\BDK32\D7\SgnonCnf.dfm
File Copy: C:\Program Files\Borland\Delphi7\Lib\BDK32\D7\SharedRPCBroker.dcu
File Copy: C:\Program Files\Borland\Delphi7\Lib\BDK32\D7\SharedRPCBroker_D70.dcu
File Copy: C:\Program Files\Borland\Delphi7\Lib\BDK32\D7\SharedRPCBroker_R70.dcu
File Copy: C:\Program Files\Borland\Delphi7\Lib\BDK32\D7\SharedRPCBrokerReg.dcu
File Copy: C:\Program Files\Borland\Delphi7\Lib\BDK32\D7\SharedRPCBrokerSink.dcu
File Copy: C:\Program Files\Borland\Delphi7\Lib\BDK32\D7\Splvista.dcu
File Copy: C:\Program Files\Borland\Delphi7\Lib\BDK32\D7\Splvista.dfm
File Copy: C:\Program Files\Borland\Delphi7\Lib\BDK32\D7\Trpcb.dcu
File Copy: C:\Program Files\Borland\Delphi7\Lib\BDK32\D7\VCEdit.dcu
File Copy: C:\Program Files\Borland\Delphi7\Lib\BDK32\D7\VCEdit.dfm
File Copy: C:\Program Files\Borland\Delphi7\Lib\BDK32\D7\WSockc.dcu
File Copy: C:\Program Files\Borland\Delphi7\Lib\BDK32\D7\XWB_D70.dcu
File Copy: C:\Program Files\Borland\Delphi7\Lib\BDK32\D7\XWB_R70.dcu
File Copy: C:\Program Files\Borland\Delphi7\Lib\BDK32\D7\XWBReg.dcu
File Copy: C:\Program Files\Borland\Delphi7\Lib\BDK32\D7\XWBRich20.dcu
File Copy: C:\Program Files\Borland\Delphi7\Lib\BDK32\D7\Xwbut1.dcu
RegDB Key: Software\Vista\Broker
RegDB Val: 1
RegDB Name: IDEConnect
RegDB Root: 2
RegDB Key: Software\Vista\Broker
RegDB Val: C:\PROGRA~1\BORLAND\DELPHI7\LIB\BDK32
RegDB Name: BDKDr
RegDB Root: 2
RegDB Old: C:\Program Files\Borland\Delphi7\Lib\BDK32
RegDB Key: Software\Vista\Broker
RegDB Val: 1.1.36.0
RegDB Name: BDK Version
RegDB Root: 2
Self-Register: C:\Program Files\Borland\Delphi7\Lib\BDK32\Source\VergenceContextor.dll
